<?xml version="1.0" encoding="UTF-8"?>
<!-- Generated by org.testng.reporters.JUnitReportReporter -->
<testsuite skipped="0" hostname="DESKTOP-6B3GB9B" name="TestNG1.Execution_Multiple_Times_Invocation_Count" tests="11" failures="0" timestamp="08 Sep 2018 03:37:27 GMT" time="0.107" errors="0">
  <testcase name="poonam" time="0.006" classname="TestNG1.Execution_Multiple_Times_Invocation_Count"/>
  <testcase name="swswat" time="0.009" classname="TestNG1.Execution_Multiple_Times_Invocation_Count"/>
  <testcase name="milan" time="0.031" classname="TestNG1.Execution_Multiple_Times_Invocation_Count"/>
  <testcase name="ajit" time="0.007" classname="TestNG1.Execution_Multiple_Times_Invocation_Count"/>
  <testcase name="ajit" time="0.011" classname="TestNG1.Execution_Multiple_Times_Invocation_Count"/>
  <testcase name="ajit" time="0.013" classname="TestNG1.Execution_Multiple_Times_Invocation_Count"/>
  <testcase name="ajit" time="0.004" classname="TestNG1.Execution_Multiple_Times_Invocation_Count"/>
  <testcase name="ajit" time="0.010" classname="TestNG1.Execution_Multiple_Times_Invocation_Count"/>
  <testcase name="juaid" time="0.003" classname="TestNG1.Execution_Multiple_Times_Invocation_Count"/>
  <testcase name="juaid" time="0.007" classname="TestNG1.Execution_Multiple_Times_Invocation_Count"/>
  <testcase name="juaid" time="0.006" classname="TestNG1.Execution_Multiple_Times_Invocation_Count"/>
</testsuite> <!-- TestNG1.Execution_Multiple_Times_Invocation_Count -->
