<?xml version="1.0" encoding="UTF-8"?>
<!-- Generated by org.testng.reporters.JUnitReportReporter -->
<testsuite skipped="0" hostname="DESKTOP-6B3GB9B" name="TestNG1.SetPriority" tests="5" failures="0" timestamp="08 Sep 2018 03:21:36 GMT" time="0.043" errors="0">
  <testcase name="swswat" time="0.023" classname="TestNG1.SetPriority"/>
  <testcase name="ajit" time="0.008" classname="TestNG1.SetPriority"/>
  <testcase name="juaid" time="0.005" classname="TestNG1.SetPriority"/>
  <testcase name="milan" time="0.004" classname="TestNG1.SetPriority"/>
  <testcase name="poonam" time="0.003" classname="TestNG1.SetPriority"/>
</testsuite> <!-- TestNG1.SetPriority -->
