<?xml version="1.0" encoding="UTF-8"?>
<!-- Generated by org.testng.reporters.JUnitReportReporter -->
<testsuite skipped="0" hostname="DESKTOP-6B3GB9B" name="TestNG1.MultipleTestMethods" tests="5" failures="0" timestamp="08 Sep 2018 03:19:43 GMT" time="0.056" errors="0">
  <testcase name="swswat" time="0.031" classname="TestNG1.MultipleTestMethods"/>
  <testcase name="ajit" time="0.006" classname="TestNG1.MultipleTestMethods"/>
  <testcase name="juaid" time="0.007" classname="TestNG1.MultipleTestMethods"/>
  <testcase name="milan" time="0.005" classname="TestNG1.MultipleTestMethods"/>
  <testcase name="poonam" time="0.007" classname="TestNG1.MultipleTestMethods"/>
</testsuite> <!-- TestNG1.MultipleTestMethods -->
