<?xml version="1.0" encoding="UTF-8"?>
<!-- Generated by org.testng.reporters.JUnitReportReporter -->
<testsuite skipped="0" hostname="DESKTOP-6B3GB9B" name="TestNG1.Depedency_TestCases" tests="3" failures="0" timestamp="08 Sep 2018 03:35:24 GMT" time="0.031" errors="0">
  <testcase name="edit" time="0.021" classname="TestNG1.Depedency_TestCases"/>
  <testcase name="create" time="0.005" classname="TestNG1.Depedency_TestCases"/>
  <testcase name="delet" time="0.005" classname="TestNG1.Depedency_TestCases"/>
</testsuite> <!-- TestNG1.Depedency_TestCases -->
