<?xml version="1.0" encoding="UTF-8"?>
<!-- Generated by org.testng.reporters.JUnitReportReporter -->
<testsuite skipped="0" hostname="DESKTOP-6B3GB9B" name="TestNG1.Execution_Multiple_Times" tests="11" failures="0" timestamp="08 Sep 2018 03:24:24 GMT" time="0.102" errors="0">
  <testcase name="juaid" time="0.018" classname="TestNG1.Execution_Multiple_Times"/>
  <testcase name="ajit" time="0.027" classname="TestNG1.Execution_Multiple_Times"/>
  <testcase name="ajit" time="0.006" classname="TestNG1.Execution_Multiple_Times"/>
  <testcase name="juaid" time="0.004" classname="TestNG1.Execution_Multiple_Times"/>
  <testcase name="milan" time="0.010" classname="TestNG1.Execution_Multiple_Times"/>
  <testcase name="poonam" time="0.006" classname="TestNG1.Execution_Multiple_Times"/>
  <testcase name="juaid" time="0.009" classname="TestNG1.Execution_Multiple_Times"/>
  <testcase name="ajit" time="0.007" classname="TestNG1.Execution_Multiple_Times"/>
  <testcase name="ajit" time="0.006" classname="TestNG1.Execution_Multiple_Times"/>
  <testcase name="ajit" time="0.006" classname="TestNG1.Execution_Multiple_Times"/>
  <testcase name="swswat" time="0.003" classname="TestNG1.Execution_Multiple_Times"/>
</testsuite> <!-- TestNG1.Execution_Multiple_Times -->
